TagLib: ID3v2::Tag::read() - Duplicate ID3v2 tags found.
TagLib: ID3v2::Tag::read() - Duplicate ID3v2 tags found.
TagLib: ID3v2::Tag::read() - Duplicate ID3v2 tags found.
TagLib: ID3v2::Tag::read() - Duplicate ID3v2 tags found.
TagLib: ID3v2::Tag::read() - Duplicate ID3v2 tags found.
TagLib: ID3v2::Tag::read() - Duplicate ID3v2 tags found.
TagLib: ID3v2::Tag::read() - Duplicate ID3v2 tags found.
TagLib: ID3v2::Tag::read() - Duplicate ID3v2 tags found.
TagLib: ID3v2::Tag::read() - Duplicate ID3v2 tags found.
TagLib: ID3v2::Tag::read() - Duplicate ID3v2 tags found.
TagLib: ID3v2::Tag::read() - Duplicate ID3v2 tags found.
TagLib: ID3v2::Tag::read() - Duplicate ID3v2 tags found.
TagLib: Could not open file /home/ollie/music/Indie Pop Type Beat.mp3
TagLib: Could not open file /home/ollie/music/Lovejoy - Pebble Brain/Oh Yeah, You Gonna Cry?.mp3
TagLib: Could not open file /home/ollie/music/Lovejoy - Pebble Brain/Oh Yeah, You Gonna Cry?.mp3
TagLib: Could not open file /home/ollie/music/EMINEM - Recovery/Cold Wind Blows.mp3
TagLib: Could not open file /home/ollie/music/EMINEM - Recovery/Cold Wind Blows.mp3
TagLib: Could not open file /home/ollie/music/EMINEM - Recovery/Cold Wind Blows.mp3
TagLib: Could not open file /home/ollie/music/EMINEM - Recovery/Talkin' 2 Myself.mp3
TagLib: Could not open file /home/ollie/music/EMINEM - Recovery/On Fire.mp3
